*** Using Compiler 'V5.06 update 7 (build 960)', folder: 'H:\stm32code\ARM\ARMCC\Bin'
Build target 'HAL_Tranmit'
compiling bmi088driver.c...
compiling can_h.c...
compiling flash.c...
compiling stm32f4xx_it.c...
compiling usart.c...
compiling can.c...
compiling stm32f4xx_hal_msp.c...
compiling pid.c...
compiling imu.c...
compiling dma.c...
compiling main.c...
compiling dr16.c...
compiling spi.c...
compiling gpio.c...
compiling tim.c...
compiling freertos.c...
compiling led_task.c...
compiling shoot_task.c...
compiling pwm.c...
compiling crc.c...
compiling can_send_task.c...
compiling gimbal.c...
compiling beep.c...
compiling supper_task.c...
compiling referee_info.c...
compiling nuc_task.c...
compiling imu_send_task.c...
compiling custom_ui.c...
compiling chassis_task.c...
compiling nuc.c...
compiling referee.c...
compiling gimbal_task.c...
compiling ramp.c...
compiling type_module.c...
compiling ui_task.c...
compiling kalman.c...
compiling mode_task.c...
compiling debug.c...
linking...
Program Size: Code=50140 RO-data=2336 RW-data=736 ZI-data=26488  
FromELF: creating hex file...
"HAL_Tranmit\HAL_Tranmit.axf" - 0 Error(s), 0 Warning(s).
Build Time Elapsed:  00:00:20
